# JRE version: OpenJDK Runtime Environment (8.0_66-b17) (build 1.8.0_66-internal-b17)
# Java VM: OpenJDK 64-Bit Server VM (25.66-b17 mixed mode linux-amd64 compressed oops)
Heap:
 def new generation   total 314560K, used 41759K [0x00000000c0000000, 0x00000000d5550000, 0x00000000d5550000)
  eden space 279616K,  12% used [0x00000000c0000000, 0x00000000c20dd9a0, 0x00000000d1110000)
  from space 34944K,  23% used [0x00000000d1110000, 0x00000000d18fa360, 0x00000000d3330000)
  to   space 34944K,   0% used [0x00000000d3330000, 0x00000000d3330000, 0x00000000d5550000)
 tenured generation   total 699072K, used 192004K [0x00000000d5550000, 0x0000000100000000, 0x0000000100000000)
   the space 699072K,  27% used [0x00000000d5550000, 0x00000000e10d1128, 0x00000000e10d1200, 0x0000000100000000)
 Metaspace       used 42539K, capacity 43242K, committed 43352K, reserved 1087488K
  class space    used 5222K, capacity 5444K, committed 5504K, reserved 1048576K
GC Heap History (10 events):
Event: 2474.852 GC heap before
{Heap before GC invocations=37 (full 2):
 def new generation   total 314560K, used 288509K [0x00000000c0000000, 0x00000000d5550000, 0x00000000d5550000)
  eden space 279616K, 100% used [0x00000000c0000000, 0x00000000d1110000, 0x00000000d1110000)
  from space 34944K,  25% used [0x00000000d3330000, 0x00000000d3bdf720, 0x00000000d5550000)
  to   space 34944K,   0% used [0x00000000d1110000, 0x00000000d1110000, 0x00000000d3330000)
 tenured generation   total 699072K, used 190516K [0x00000000d5550000, 0x0000000100000000, 0x0000000100000000)
   the space 699072K,  27% used [0x00000000d5550000, 0x00000000e0f5d2f0, 0x00000000e0f5d400, 0x0000000100000000)
 Metaspace       used 42523K, capacity 43242K, committed 43352K, reserved 1087488K
  class space    used 5222K, capacity 5444K, committed 5504K, reserved 1048576K
Event: 2474.887 GC heap after
Heap after GC invocations=38 (full 2):
 def new generation   total 314560K, used 9504K [0x00000000c0000000, 0x00000000d5550000, 0x00000000d5550000)
  eden space 279616K,   0% used [0x00000000c0000000, 0x00000000c0000000, 0x00000000d1110000)
  from space 34944K,  27% used [0x00000000d1110000, 0x00000000d1a580d0, 0x00000000d3330000)
  to   space 34944K,   0% used [0x00000000d3330000, 0x00000000d3330000, 0x00000000d5550000)
 tenured generation   total 699072K, used 190516K [0x00000000d5550000, 0x0000000100000000, 0x0000000100000000)
   the space 699072K,  27% used [0x00000000d5550000, 0x00000000e0f5d2f0, 0x00000000e0f5d400, 0x0000000100000000)
 Metaspace       used 42523K, capacity 43242K, committed 43352K, reserved 1087488K
  class space    used 5222K, capacity 5444K, committed 5504K, reserved 1048576K
}
Event: 2536.873 GC heap before
{Heap before GC invocations=38 (full 2):
 def new generation   total 314560K, used 289120K [0x00000000c0000000, 0x00000000d5550000, 0x00000000d5550000)
  eden space 279616K, 100% used [0x00000000c0000000, 0x00000000d1110000, 0x00000000d1110000)
  from space 34944K,  27% used [0x00000000d1110000, 0x00000000d1a580d0, 0x00000000d3330000)
  to   space 34944K,   0% used [0x00000000d3330000, 0x00000000d3330000, 0x00000000d5550000)
 tenured generation   total 699072K, used 190516K [0x00000000d5550000, 0x0000000100000000, 0x0000000100000000)
   the space 699072K,  27% used [0x00000000d5550000, 0x00000000e0f5d2f0, 0x00000000e0f5d400, 0x0000000100000000)
 Metaspace       used 42529K, capacity 43242K, committed 43352K, reserved 1087488K
  class space    used 5222K, capacity 5444K, committed 5504K, reserved 1048576K
Event: 2536.912 GC heap after
Heap after GC invocations=39 (full 2):
 def new generation   total 314560K, used 9447K [0x00000000c0000000, 0x00000000d5550000, 0x00000000d5550000)
  eden space 279616K,   0% used [0x00000000c0000000, 0x00000000c0000000, 0x00000000d1110000)
  from space 34944K,  27% used [0x00000000d3330000, 0x00000000d3c69db8, 0x00000000d5550000)
  to   space 34944K,   0% used [0x00000000d1110000, 0x00000000d1110000, 0x00000000d3330000)
 tenured generation   total 699072K, used 190516K [0x00000000d5550000, 0x0000000100000000, 0x0000000100000000)
   the space 699072K,  27% used [0x00000000d5550000, 0x00000000e0f5d2f0, 0x00000000e0f5d400, 0x0000000100000000)
 Metaspace       used 42529K, capacity 43242K, committed 43352K, reserved 1087488K
  class space    used 5222K, capacity 5444K, committed 5504K, reserved 1048576K
}
Event: 2597.610 GC heap before
{Heap before GC invocations=39 (full 2):
 def new generation   total 314560K, used 289063K [0x00000000c0000000, 0x00000000d5550000, 0x00000000d5550000)
  eden space 279616K, 100% used [0x00000000c0000000, 0x00000000d1110000, 0x00000000d1110000)
  from space 34944K,  27% used [0x00000000d3330000, 0x00000000d3c69db8, 0x00000000d5550000)
  to   space 34944K,   0% used [0x00000000d1110000, 0x00000000d1110000, 0x00000000d3330000)
 tenured generation   total 699072K, used 190516K [0x00000000d5550000, 0x0000000100000000, 0x0000000100000000)
   the space 699072K,  27% used [0x00000000d5550000, 0x00000000e0f5d2f0, 0x00000000e0f5d400, 0x0000000100000000)
 Metaspace       used 42532K, capacity 43242K, committed 43352K, reserved 1087488K
  class space    used 5222K, capacity 5444K, committed 5504K, reserved 1048576K
Event: 2597.656 GC heap after
Heap after GC invocations=40 (full 2):
 def new generation   total 314560K, used 9274K [0x00000000c0000000, 0x00000000d5550000, 0x00000000d5550000)
  eden space 279616K,   0% used [0x00000000c0000000, 0x00000000c0000000, 0x00000000d1110000)
  from space 34944K,  26% used [0x00000000d1110000, 0x00000000d1a1e858, 0x00000000d3330000)
  to   space 34944K,   0% used [0x00000000d3330000, 0x00000000d3330000, 0x00000000d5550000)
 tenured generation   total 699072K, used 190516K [0x00000000d5550000, 0x0000000100000000, 0x0000000100000000)
   the space 699072K,  27% used [0x00000000d5550000, 0x00000000e0f5d2f0, 0x00000000e0f5d400, 0x0000000100000000)
 Metaspace       used 42532K, capacity 43242K, committed 43352K, reserved 1087488K
  class space    used 5222K, capacity 5444K, committed 5504K, reserved 1048576K
}
Event: 2660.210 GC heap before
{Heap before GC invocations=40 (full 2):
 def new generation   total 314560K, used 288890K [0x00000000c0000000, 0x00000000d5550000, 0x00000000d5550000)
  eden space 279616K, 100% used [0x00000000c0000000, 0x00000000d1110000, 0x00000000d1110000)
  from space 34944K,  26% used [0x00000000d1110000, 0x00000000d1a1e858, 0x00000000d3330000)
  to   space 34944K,   0% used [0x00000000d3330000, 0x00000000d3330000, 0x00000000d5550000)
 tenured generation   total 699072K, used 190516K [0x00000000d5550000, 0x0000000100000000, 0x0000000100000000)
   the space 699072K,  27% used [0x00000000d5550000, 0x00000000e0f5d2f0, 0x00000000e0f5d400, 0x0000000100000000)
 Metaspace       used 42539K, capacity 43242K, committed 43352K, reserved 1087488K
  class space    used 5222K, capacity 5444K, committed 5504K, reserved 1048576K
Event: 2660.253 GC heap after
Heap after GC invocations=41 (full 2):
 def new generation   total 314560K, used 9580K [0x00000000c0000000, 0x00000000d5550000, 0x00000000d5550000)
  eden space 279616K,   0% used [0x00000000c0000000, 0x00000000c0000000, 0x00000000d1110000)
  from space 34944K,  27% used [0x00000000d3330000, 0x00000000d3c8b190, 0x00000000d5550000)
  to   space 34944K,   0% used [0x00000000d1110000, 0x00000000d1110000, 0x00000000d3330000)
 tenured generation   total 699072K, used 190516K [0x00000000d5550000, 0x0000000100000000, 0x0000000100000000)
   the space 699072K,  27% used [0x00000000d5550000, 0x00000000e0f5d2f0, 0x00000000e0f5d400, 0x0000000100000000)
 Metaspace       used 42539K, capacity 43242K, committed 43352K, reserved 1087488K
  class space    used 5222K, capacity 5444K, committed 5504K, reserved 1048576K
}
Event: 2723.150 GC heap before
{Heap before GC invocations=41 (full 2):
 def new generation   total 314560K, used 289196K [0x00000000c0000000, 0x00000000d5550000, 0x00000000d5550000)
  eden space 279616K, 100% used [0x00000000c0000000, 0x00000000d1110000, 0x00000000d1110000)
  from space 34944K,  27% used [0x00000000d3330000, 0x00000000d3c8b190, 0x00000000d5550000)
  to   space 34944K,   0% used [0x00000000d1110000, 0x00000000d1110000, 0x00000000d3330000)
 tenured generation   total 699072K, used 190516K [0x00000000d5550000, 0x0000000100000000, 0x0000000100000000)
   the space 699072K,  27% used [0x00000000d5550000, 0x00000000e0f5d2f0, 0x00000000e0f5d400, 0x0000000100000000)
 Metaspace       used 42539K, capacity 43242K, committed 43352K, reserved 1087488K
  class space    used 5222K, capacity 5444K, committed 5504K, reserved 1048576K
Event: 2723.179 GC heap after
Heap after GC invocations=42 (full 2):
 def new generation   total 314560K, used 8104K [0x00000000c0000000, 0x00000000d5550000, 0x00000000d5550000)
  eden space 279616K,   0% used [0x00000000c0000000, 0x00000000c0000000, 0x00000000d1110000)
  from space 34944K,  23% used [0x00000000d1110000, 0x00000000d18fa360, 0x00000000d3330000)
  to   space 34944K,   0% used [0x00000000d3330000, 0x00000000d3330000, 0x00000000d5550000)
 tenured generation   total 699072K, used 192004K [0x00000000d5550000, 0x0000000100000000, 0x0000000100000000)
   the space 699072K,  27% used [0x00000000d5550000, 0x00000000e10d1128, 0x00000000e10d1200, 0x0000000100000000)
 Metaspace       used 42539K, capacity 43242K, committed 43352K, reserved 1087488K
  class space    used 5222K, capacity 5444K, committed 5504K, reserved 1048576K
}

